# JRE version: OpenJDK Runtime Environment 18.9 (11.0.16+8) (build 11.0.16+8)
# Java VM: OpenJDK 64-Bit Server VM 18.9 (11.0.16+8, mixed mode, tiered, compressed oops, g1 gc, windows-amd64)
Heap:
 garbage-first heap   total 196608K, used 63415K [0x0000000501200000, 0x00000005bf600000)
  region size 1024K, 4 young (4096K), 4 survivors (4096K)
 Metaspace       used 82045K, capacity 82927K, committed 83072K, reserved 1124352K
  class space    used 8994K, capacity 9342K, committed 9344K, reserved 1048576K
GC Heap History (20 events):
Event: 9.422 GC heap before
{Heap before GC invocations=0 (full 0):
 garbage-first heap   total 196608K, used 17408K [0x0000000501200000, 0x00000005bf600000)
  region size 1024K, 14 young (14336K), 0 survivors (0K)
 Metaspace       used 9903K, capacity 10034K, committed 10112K, reserved 1058816K
  class space    used 828K, capacity 853K, committed 896K, reserved 1048576K
}
Event: 10.892 GC heap after
{Heap after GC invocations=1 (full 0):
 garbage-first heap   total 196608K, used 5459K [0x0000000501200000, 0x00000005bf600000)
  region size 1024K, 2 young (2048K), 2 survivors (2048K)
 Metaspace       used 9903K, capacity 10034K, committed 10112K, reserved 1058816K
  class space    used 828K, capacity 853K, committed 896K, reserved 1048576K
}
Event: 22.215 GC heap before
{Heap before GC invocations=1 (full 0):
 garbage-first heap   total 196608K, used 50515K [0x0000000501200000, 0x00000005bf600000)
  region size 1024K, 47 young (48128K), 2 survivors (2048K)
 Metaspace       used 20975K, capacity 21182K, committed 21248K, reserved 1069056K
  class space    used 2198K, capacity 2280K, committed 2304K, reserved 1048576K
}
Event: 22.227 GC heap after
{Heap after GC invocations=2 (full 0):
 garbage-first heap   total 196608K, used 9214K [0x0000000501200000, 0x00000005bf600000)
  region size 1024K, 6 young (6144K), 6 survivors (6144K)
 Metaspace       used 20975K, capacity 21182K, committed 21248K, reserved 1069056K
  class space    used 2198K, capacity 2280K, committed 2304K, reserved 1048576K
}
Event: 44.087 GC heap before
{Heap before GC invocations=3 (full 0):
 garbage-first heap   total 196608K, used 61438K [0x0000000501200000, 0x00000005bf600000)
  region size 1024K, 52 young (53248K), 6 survivors (6144K)
 Metaspace       used 32113K, capacity 32601K, committed 32896K, reserved 1077248K
  class space    used 3985K, capacity 4182K, committed 4224K, reserved 1048576K
}
Event: 44.107 GC heap after
{Heap after GC invocations=4 (full 0):
 garbage-first heap   total 196608K, used 20843K [0x0000000501200000, 0x00000005bf600000)
  region size 1024K, 7 young (7168K), 7 survivors (7168K)
 Metaspace       used 32113K, capacity 32601K, committed 32896K, reserved 1077248K
  class space    used 3985K, capacity 4182K, committed 4224K, reserved 1048576K
}
Event: 46.392 GC heap before
{Heap before GC invocations=4 (full 0):
 garbage-first heap   total 196608K, used 33131K [0x0000000501200000, 0x00000005bf600000)
  region size 1024K, 20 young (20480K), 7 survivors (7168K)
 Metaspace       used 35183K, capacity 35658K, committed 35840K, reserved 1081344K
  class space    used 4300K, capacity 4474K, committed 4480K, reserved 1048576K
}
Event: 46.406 GC heap after
{Heap after GC invocations=5 (full 0):
 garbage-first heap   total 196608K, used 20468K [0x0000000501200000, 0x00000005bf600000)
  region size 1024K, 2 young (2048K), 2 survivors (2048K)
 Metaspace       used 35183K, capacity 35658K, committed 35840K, reserved 1081344K
  class space    used 4300K, capacity 4474K, committed 4480K, reserved 1048576K
}
Event: 61.958 GC heap before
{Heap before GC invocations=6 (full 0):
 garbage-first heap   total 196608K, used 86004K [0x0000000501200000, 0x00000005bf600000)
  region size 1024K, 64 young (65536K), 2 survivors (2048K)
 Metaspace       used 49639K, capacity 50203K, committed 50432K, reserved 1093632K
  class space    used 5775K, capacity 6028K, committed 6144K, reserved 1048576K
}
Event: 61.977 GC heap after
{Heap after GC invocations=7 (full 0):
 garbage-first heap   total 196608K, used 27864K [0x0000000501200000, 0x00000005bf600000)
  region size 1024K, 8 young (8192K), 8 survivors (8192K)
 Metaspace       used 49639K, capacity 50203K, committed 50432K, reserved 1093632K
  class space    used 5775K, capacity 6028K, committed 6144K, reserved 1048576K
}
Event: 80.035 GC heap before
{Heap before GC invocations=7 (full 0):
 garbage-first heap   total 196608K, used 108760K [0x0000000501200000, 0x00000005bf600000)
  region size 1024K, 86 young (88064K), 8 survivors (8192K)
 Metaspace       used 59331K, capacity 60148K, committed 60288K, reserved 1101824K
  class space    used 6948K, capacity 7287K, committed 7296K, reserved 1048576K
}
Event: 80.067 GC heap after
{Heap after GC invocations=8 (full 0):
 garbage-first heap   total 196608K, used 36295K [0x0000000501200000, 0x00000005bf600000)
  region size 1024K, 9 young (9216K), 9 survivors (9216K)
 Metaspace       used 59331K, capacity 60148K, committed 60288K, reserved 1101824K
  class space    used 6948K, capacity 7287K, committed 7296K, reserved 1048576K
}
Event: 80.257 GC heap before
{Heap before GC invocations=8 (full 0):
 garbage-first heap   total 196608K, used 38343K [0x0000000501200000, 0x00000005bf600000)
  region size 1024K, 12 young (12288K), 9 survivors (9216K)
 Metaspace       used 59505K, capacity 60280K, committed 60288K, reserved 1101824K
  class space    used 6957K, capacity 7288K, committed 7296K, reserved 1048576K
}
Event: 80.291 GC heap after
{Heap after GC invocations=9 (full 0):
 garbage-first heap   total 196608K, used 37844K [0x0000000501200000, 0x00000005bf600000)
  region size 1024K, 2 young (2048K), 2 survivors (2048K)
 Metaspace       used 59505K, capacity 60280K, committed 60288K, reserved 1101824K
  class space    used 6957K, capacity 7288K, committed 7296K, reserved 1048576K
}
Event: 113.392 GC heap before
{Heap before GC invocations=10 (full 0):
 garbage-first heap   total 196608K, used 139220K [0x0000000501200000, 0x00000005bf600000)
  region size 1024K, 101 young (103424K), 2 survivors (2048K)
 Metaspace       used 65522K, capacity 66386K, committed 66688K, reserved 1107968K
  class space    used 7393K, capacity 7733K, committed 7808K, reserved 1048576K
}
Event: 113.427 GC heap after
{Heap after GC invocations=11 (full 0):
 garbage-first heap   total 196608K, used 50888K [0x0000000501200000, 0x00000005bf600000)
  region size 1024K, 13 young (13312K), 13 survivors (13312K)
 Metaspace       used 65522K, capacity 66386K, committed 66688K, reserved 1107968K
  class space    used 7393K, capacity 7733K, committed 7808K, reserved 1048576K
}
Event: 140.222 GC heap before
{Heap before GC invocations=11 (full 0):
 garbage-first heap   total 196608K, used 142024K [0x0000000501200000, 0x00000005bf600000)
  region size 1024K, 102 young (104448K), 13 survivors (13312K)
 Metaspace       used 74911K, capacity 75805K, committed 75904K, reserved 1116160K
  class space    used 8193K, capacity 8568K, committed 8576K, reserved 1048576K
}
Event: 140.274 GC heap after
{Heap after GC invocations=12 (full 0):
 garbage-first heap   total 196608K, used 59654K [0x0000000501200000, 0x00000005bf600000)
  region size 1024K, 9 young (9216K), 9 survivors (9216K)
 Metaspace       used 74911K, capacity 75805K, committed 75904K, reserved 1116160K
  class space    used 8193K, capacity 8568K, committed 8576K, reserved 1048576K
}
Event: 145.546 GC heap before
{Heap before GC invocations=12 (full 0):
 garbage-first heap   total 196608K, used 95494K [0x0000000501200000, 0x00000005bf600000)
  region size 1024K, 45 young (46080K), 9 survivors (9216K)
 Metaspace       used 82045K, capacity 82927K, committed 83072K, reserved 1124352K
  class space    used 8994K, capacity 9342K, committed 9344K, reserved 1048576K
}
Event: 145.609 GC heap after
{Heap after GC invocations=13 (full 0):
 garbage-first heap   total 196608K, used 63415K [0x0000000501200000, 0x00000005bf600000)
  region size 1024K, 4 young (4096K), 4 survivors (4096K)
 Metaspace       used 82045K, capacity 82927K, committed 83072K, reserved 1124352K
  class space    used 8994K, capacity 9342K, committed 9344K, reserved 1048576K
}

