# JRE version: OpenJDK Runtime Environment 18.9 (11.0.16+8) (build 11.0.16+8)
# Java VM: OpenJDK 64-Bit Server VM 18.9 (11.0.16+8, mixed mode, tiered, compressed oops, g1 gc, windows-amd64)
Heap:
 garbage-first heap   total 196608K, used 59636K [0x0000000080000000, 0x0000000100000000)
  region size 1024K, 23 young (23552K), 11 survivors (11264K)
 Metaspace       used 65945K, capacity 68095K, committed 68304K, reserved 575488K
  class space    used 8612K, capacity 9414K, committed 9548K, reserved 516096K
GC Heap History (20 events):
Event: 1.868 GC heap before
{Heap before GC invocations=1 (full 0):
 garbage-first heap   total 196608K, used 18584K [0x0000000080000000, 0x0000000100000000)
  region size 1024K, 13 young (13312K), 2 survivors (2048K)
 Metaspace       used 9838K, capacity 10032K, committed 10368K, reserved 526336K
  class space    used 1002K, capacity 1069K, committed 1152K, reserved 516096K
}
Event: 1.873 GC heap after
{Heap after GC invocations=2 (full 0):
 garbage-first heap   total 196608K, used 9420K [0x0000000080000000, 0x0000000100000000)
  region size 1024K, 2 young (2048K), 2 survivors (2048K)
 Metaspace       used 9838K, capacity 10032K, committed 10368K, reserved 526336K
  class space    used 1002K, capacity 1069K, committed 1152K, reserved 516096K
}
Event: 2.999 GC heap before
{Heap before GC invocations=2 (full 0):
 garbage-first heap   total 196608K, used 37068K [0x0000000080000000, 0x0000000100000000)
  region size 1024K, 29 young (29696K), 2 survivors (2048K)
 Metaspace       used 10901K, capacity 11085K, committed 11264K, reserved 526336K
  class space    used 1111K, capacity 1207K, committed 1280K, reserved 516096K
}
Event: 3.002 GC heap after
{Heap after GC invocations=3 (full 0):
 garbage-first heap   total 196608K, used 12126K [0x0000000080000000, 0x0000000100000000)
  region size 1024K, 4 young (4096K), 4 survivors (4096K)
 Metaspace       used 10901K, capacity 11085K, committed 11264K, reserved 526336K
  class space    used 1111K, capacity 1207K, committed 1280K, reserved 516096K
}
Event: 5.461 GC heap before
{Heap before GC invocations=3 (full 0):
 garbage-first heap   total 196608K, used 53086K [0x0000000080000000, 0x0000000100000000)
  region size 1024K, 43 young (44032K), 4 survivors (4096K)
 Metaspace       used 17585K, capacity 17980K, committed 18048K, reserved 532480K
  class space    used 2034K, capacity 2144K, committed 2176K, reserved 516096K
}
Event: 5.470 GC heap after
{Heap after GC invocations=4 (full 0):
 garbage-first heap   total 196608K, used 16570K [0x0000000080000000, 0x0000000100000000)
  region size 1024K, 6 young (6144K), 6 survivors (6144K)
 Metaspace       used 17585K, capacity 17980K, committed 18048K, reserved 532480K
  class space    used 2034K, capacity 2144K, committed 2176K, reserved 516096K
}
Event: 6.142 GC heap before
{Heap before GC invocations=4 (full 0):
 garbage-first heap   total 196608K, used 45242K [0x0000000080000000, 0x0000000100000000)
  region size 1024K, 35 young (35840K), 6 survivors (6144K)
 Metaspace       used 20826K, capacity 21220K, committed 21296K, reserved 536576K
  class space    used 2514K, capacity 2687K, committed 2688K, reserved 516096K
}
Event: 6.152 GC heap after
{Heap after GC invocations=5 (full 0):
 garbage-first heap   total 196608K, used 17998K [0x0000000080000000, 0x0000000100000000)
  region size 1024K, 2 young (2048K), 2 survivors (2048K)
 Metaspace       used 20826K, capacity 21220K, committed 21296K, reserved 536576K
  class space    used 2514K, capacity 2687K, committed 2688K, reserved 516096K
}
Event: 8.767 GC heap before
{Heap before GC invocations=6 (full 0):
 garbage-first heap   total 196608K, used 75342K [0x0000000080000000, 0x0000000100000000)
  region size 1024K, 58 young (59392K), 2 survivors (2048K)
 Metaspace       used 27015K, capacity 27629K, committed 27772K, reserved 540672K
  class space    used 3508K, capacity 3770K, committed 3788K, reserved 516096K
}
Event: 8.776 GC heap after
{Heap after GC invocations=7 (full 0):
 garbage-first heap   total 196608K, used 19826K [0x0000000080000000, 0x0000000100000000)
  region size 1024K, 4 young (4096K), 4 survivors (4096K)
 Metaspace       used 27015K, capacity 27629K, committed 27772K, reserved 540672K
  class space    used 3508K, capacity 3770K, committed 3788K, reserved 516096K
}
Event: 11.517 GC heap before
{Heap before GC invocations=7 (full 0):
 garbage-first heap   total 196608K, used 87410K [0x0000000080000000, 0x0000000100000000)
  region size 1024K, 71 young (72704K), 4 survivors (4096K)
 Metaspace       used 35189K, capacity 36006K, committed 36048K, reserved 548864K
  class space    used 4588K, capacity 4925K, committed 4940K, reserved 516096K
}
Event: 11.532 GC heap after
{Heap after GC invocations=8 (full 0):
 garbage-first heap   total 196608K, used 22940K [0x0000000080000000, 0x0000000100000000)
  region size 1024K, 7 young (7168K), 7 survivors (7168K)
 Metaspace       used 35189K, capacity 36006K, committed 36048K, reserved 548864K
  class space    used 4588K, capacity 4925K, committed 4940K, reserved 516096K
}
Event: 40.320 GC heap before
{Heap before GC invocations=9 (full 0):
 garbage-first heap   total 196608K, used 136604K [0x0000000080000000, 0x0000000100000000)
  region size 1024K, 115 young (117760K), 7 survivors (7168K)
 Metaspace       used 44247K, capacity 45447K, committed 45648K, reserved 557056K
  class space    used 5536K, capacity 5985K, committed 6092K, reserved 516096K
}
Event: 40.353 GC heap after
{Heap after GC invocations=10 (full 0):
 garbage-first heap   total 196608K, used 31732K [0x0000000080000000, 0x0000000100000000)
  region size 1024K, 15 young (15360K), 15 survivors (15360K)
 Metaspace       used 44247K, capacity 45447K, committed 45648K, reserved 557056K
  class space    used 5536K, capacity 5985K, committed 6092K, reserved 516096K
}
Event: 50.856 GC heap before
{Heap before GC invocations=10 (full 0):
 garbage-first heap   total 196608K, used 134132K [0x0000000080000000, 0x0000000100000000)
  region size 1024K, 115 young (117760K), 15 survivors (15360K)
 Metaspace       used 51151K, capacity 52608K, committed 52688K, reserved 563200K
  class space    used 6582K, capacity 7172K, committed 7244K, reserved 516096K
}
Event: 50.905 GC heap after
{Heap after GC invocations=11 (full 0):
 garbage-first heap   total 196608K, used 35165K [0x0000000080000000, 0x0000000100000000)
  region size 1024K, 6 young (6144K), 6 survivors (6144K)
 Metaspace       used 51151K, capacity 52608K, committed 52688K, reserved 563200K
  class space    used 6582K, capacity 7172K, committed 7244K, reserved 516096K
}
Event: 58.780 GC heap before
{Heap before GC invocations=11 (full 0):
 garbage-first heap   total 196608K, used 110941K [0x0000000080000000, 0x0000000100000000)
  region size 1024K, 77 young (78848K), 6 survivors (6144K)
 Metaspace       used 58644K, capacity 60369K, committed 60496K, reserved 569344K
  class space    used 7607K, capacity 8332K, committed 8396K, reserved 516096K
}
Event: 58.802 GC heap after
{Heap after GC invocations=12 (full 0):
 garbage-first heap   total 196608K, used 42492K [0x0000000080000000, 0x0000000100000000)
  region size 1024K, 9 young (9216K), 9 survivors (9216K)
 Metaspace       used 58644K, capacity 60369K, committed 60496K, reserved 569344K
  class space    used 7607K, capacity 8332K, committed 8396K, reserved 516096K
}
Event: 65.056 GC heap before
{Heap before GC invocations=13 (full 0):
 garbage-first heap   total 196608K, used 150012K [0x0000000080000000, 0x0000000100000000)
  region size 1024K, 115 young (117760K), 9 survivors (9216K)
 Metaspace       used 65140K, capacity 67219K, committed 67280K, reserved 575488K
  class space    used 8479K, capacity 9253K, committed 9292K, reserved 516096K
}
Event: 65.081 GC heap after
{Heap after GC invocations=14 (full 0):
 garbage-first heap   total 196608K, used 48372K [0x0000000080000000, 0x0000000100000000)
  region size 1024K, 11 young (11264K), 11 survivors (11264K)
 Metaspace       used 65140K, capacity 67219K, committed 67280K, reserved 575488K
  class space    used 8479K, capacity 9253K, committed 9292K, reserved 516096K
}

